16:35:14.417	SERVER	admin	OK	Server was started (port: 1984).
16:36:10.069	0:0:0:0:0:0:0:1:56578	admin	REQUEST	[GET] http://localhost:8984/
16:36:11.538	0:0:0:0:0:0:0:1:56578	admin	200		1473.42 ms
16:36:11.865	0:0:0:0:0:0:0:1:56579	admin	REQUEST	[GET] http://localhost:8984/favicon.ico
16:36:11.870	0:0:0:0:0:0:0:1:56579	admin	404	No function found that matches the request.	5.17 ms
16:36:13.647	0:0:0:0:0:0:0:1:56579	admin	REQUEST	[GET] http://localhost:8984/dba
16:36:13.876	0:0:0:0:0:0:0:1:56579	admin	302		228.73 ms
16:36:13.876	0:0:0:0:0:0:0:1:56579	admin	200		0.2 ms
16:36:13.885	0:0:0:0:0:0:0:1:56579	admin	REQUEST	[GET] http://localhost:8984/dba/login
16:36:13.927	0:0:0:0:0:0:0:1:56579	admin	200		42.06 ms
16:36:13.976	0:0:0:0:0:0:0:1:56579	admin	REQUEST	[GET] http://localhost:8984/dba/static/style.css
16:36:14.006	0:0:0:0:0:0:0:1:56578	admin	REQUEST	[GET] http://localhost:8984/dba/static/js.js
16:36:14.008	0:0:0:0:0:0:0:1:56579	admin	200		31.98 ms
16:36:14.019	0:0:0:0:0:0:0:1:56579	admin	REQUEST	[GET] http://localhost:8984/dba/static/basex.svg
16:36:14.036	0:0:0:0:0:0:0:1:56578	admin	200		30.84 ms
16:36:14.061	0:0:0:0:0:0:0:1:56579	admin	200		42.38 ms
16:36:15.249	0:0:0:0:0:0:0:1:56579	admin	REQUEST	[POST] http://localhost:8984/dba/login-check
16:36:15.304	0:0:0:0:0:0:0:1:56579	admin	INFO	DBA user was logged in: admin
16:36:15.304	0:0:0:0:0:0:0:1:56579	admin	302		57.1 ms
16:36:15.305	0:0:0:0:0:0:0:1:56579	admin	200		0.15 ms
16:36:15.311	0:0:0:0:0:0:0:1:56579	admin	REQUEST	[GET] http://localhost:8984/dba/logs
16:36:15.432	0:0:0:0:0:0:0:1:56579	admin	200		120.54 ms
16:36:15.534	0:0:0:0:0:0:0:1:56579	admin	REQUEST	[POST] http://localhost:8984/dba/log?name=2018-10-24&sort=&page=1&time=
16:36:15.610	0:0:0:0:0:0:0:1:56579	admin	200		75.22 ms
16:36:26.703	0:0:0:0:0:0:0:1:56579	admin	REQUEST	[GET] http://localhost:8984/dba/logout
16:36:26.769	0:0:0:0:0:0:0:1:56579	admin	INFO	DBA user was logged out: admin
16:36:26.770	0:0:0:0:0:0:0:1:56579	admin	302		67.31 ms
16:36:26.770	0:0:0:0:0:0:0:1:56579	admin	200		0.2 ms
16:36:26.777	0:0:0:0:0:0:0:1:56579	admin	REQUEST	[GET] http://localhost:8984/dba/login?name=admin
16:36:26.799	0:0:0:0:0:0:0:1:56579	admin	200		22.58 ms
16:36:29.696	0:0:0:0:0:0:0:1:56579	admin	REQUEST	[GET] http://localhost:8984/
16:36:29.701	0:0:0:0:0:0:0:1:56579	admin	200		5.0 ms
16:36:31.342	0:0:0:0:0:0:0:1:56579	admin	REQUEST	[GET] http://localhost:8984/chat
16:36:31.350	0:0:0:0:0:0:0:1:56579	admin	200		7.93 ms
16:36:35.590	0:0:0:0:0:0:0:1:56579	admin	REQUEST	[POST] http://localhost:8984/chat/login-check
16:36:35.628	0:0:0:0:0:0:0:1:56579	admin	302		38.56 ms
16:36:35.628	0:0:0:0:0:0:0:1:56579	admin	200		0.14 ms
16:36:35.680	0:0:0:0:0:0:0:1:56579	admin	REQUEST	[GET] http://localhost:8984/chat
16:36:35.686	0:0:0:0:0:0:0:1:56579	admin	200		5.51 ms
16:36:35.813	0:0:0:0:0:0:0:1:56593	admin	REQUEST	[WS-OPEN] http://localhost:8984/ws/chat
16:36:35.859	0:0:0:0:0:0:0:1:56593	admin	OK		46.31 ms
16:36:37.990	0:0:0:0:0:0:0:1:56603	admin	REQUEST	[GET] http://localhost:8984/chat
16:36:38.005	0:0:0:0:0:0:0:1:56603	admin	200		11.93 ms
16:36:38.115	0:0:0:0:0:0:0:1:56604	admin	REQUEST	[GET] http://localhost:8984/favicon.ico
16:36:38.115	0:0:0:0:0:0:0:1:56604	admin	404	No function found that matches the request.	0.56 ms
16:36:40.667	0:0:0:0:0:0:0:1:56604	admin	REQUEST	[POST] http://localhost:8984/chat/login-check
16:36:40.682	0:0:0:0:0:0:0:1:56604	admin	302		10.03 ms
16:36:40.682	0:0:0:0:0:0:0:1:56604	admin	200		0.15 ms
16:36:40.698	0:0:0:0:0:0:0:1:56604	admin	REQUEST	[GET] http://localhost:8984/chat
16:36:40.713	0:0:0:0:0:0:0:1:56604	admin	200		14.15 ms
16:36:48.631	0:0:0:0:0:0:0:1:56579	admin	REQUEST	[GET] http://localhost:8984/
16:36:48.677	0:0:0:0:0:0:0:1:56579	admin	200		46.49 ms
16:36:49.955	0:0:0:0:0:0:0:1:56579	admin	REQUEST	[GET] http://localhost:8984/dba
16:36:49.970	0:0:0:0:0:0:0:1:56579	admin	302		15.19 ms
16:36:49.970	0:0:0:0:0:0:0:1:56579	admin	200		0.15 ms
16:36:49.977	0:0:0:0:0:0:0:1:56579	admin	REQUEST	[GET] http://localhost:8984/dba/login
16:36:50.003	0:0:0:0:0:0:0:1:56579	admin	200		25.95 ms
16:36:51.122	0:0:0:0:0:0:0:1:56579	admin	REQUEST	[POST] http://localhost:8984/dba/login-check
16:36:51.151	0:0:0:0:0:0:0:1:56579	admin	INFO	DBA user was logged in: admin
16:36:51.151	0:0:0:0:0:0:0:1:56579	admin	302		28.82 ms
16:36:51.151	0:0:0:0:0:0:0:1:56579	admin	200		0.11 ms
16:36:51.158	0:0:0:0:0:0:0:1:56579	admin	REQUEST	[GET] http://localhost:8984/dba/logs
16:36:51.190	0:0:0:0:0:0:0:1:56579	admin	200		32.69 ms
16:36:52.919	0:0:0:0:0:0:0:1:56579	admin	REQUEST	[GET] http://localhost:8984/dba/users
16:36:52.948	0:0:0:0:0:0:0:1:56579	admin	200		28.99 ms
16:36:54.147	0:0:0:0:0:0:0:1:56579	admin	REQUEST	[POST] http://localhost:8984/dba/users
16:36:54.168	0:0:0:0:0:0:0:1:56579	admin	302		21.98 ms
16:36:54.169	0:0:0:0:0:0:0:1:56579	admin	200		0.2 ms
16:36:54.180	0:0:0:0:0:0:0:1:56579	admin	REQUEST	[GET] http://localhost:8984/dba/user-create
16:36:54.212	0:0:0:0:0:0:0:1:56579	admin	200		32.42 ms
16:36:55.973	0:0:0:0:0:0:0:1:56579	admin	REQUEST	[POST] http://localhost:8984/dba/user-create
16:36:56.008	0:0:0:0:0:0:0:1:56579	admin	302		25.29 ms
16:36:56.009	0:0:0:0:0:0:0:1:56579	admin	200		0.14 ms
16:36:56.015	0:0:0:0:0:0:0:1:56579	admin	REQUEST	[GET] http://localhost:8984/dba/users?info=User%20was%20created.
16:36:56.046	0:0:0:0:0:0:0:1:56579	admin	200		31.28 ms
16:36:58.783	0:0:0:0:0:0:0:1:56604	admin	REQUEST	[POST] http://localhost:8984/chat/login-check
16:36:58.799	0:0:0:0:0:0:0:1:56604	admin	302		7.96 ms
16:36:58.799	0:0:0:0:0:0:0:1:56604	admin	200		0.2 ms
16:36:58.799	0:0:0:0:0:0:0:1:56604	john	REQUEST	[GET] http://localhost:8984/chat
16:36:58.814	0:0:0:0:0:0:0:1:56604	john	200		4.35 ms
16:36:58.869	0:0:0:0:0:0:0:1:56607	john	REQUEST	[WS-OPEN] http://localhost:8984/ws/chat
16:36:58.869	0:0:0:0:0:0:0:1:56607	john	OK		9.87 ms
16:37:19.987	0:0:0:0:0:0:0:1:56607	john	REQUEST	[WS-CLOSE] http://localhost:8984/ws/chat
16:37:19.987	0:0:0:0:0:0:0:1:56607	john	1001		2.83 ms
16:37:20.975	0:0:0:0:0:0:0:1:56593	admin	REQUEST	[WS-CLOSE] http://localhost:8984/ws/chat
16:37:20.975	0:0:0:0:0:0:0:1:56593	admin	1001		3.89 ms
